<?xml version="1.0" encoding="UTF-8"?>
<!-- Generated by org.testng.reporters.JUnitReportReporter -->
<testsuite skipped="0" hostname="DESKTOP-O4JKVHS" name="com.usa.stefdefination.Disneyworld_Class" tests="1" failures="0" timestamp="28 Mar 2018 18:10:40 GMT" time="150.230" errors="0">
  <testcase name="Test" time="150.230" classname="com.usa.stefdefination.Disneyworld_Class"/>
</testsuite> <!-- com.usa.stefdefination.Disneyworld_Class -->
