<?xml version="1.0" encoding="UTF-8"?>
<!-- Generated by org.testng.reporters.JUnitReportReporter -->
<testsuite skipped="0" hostname="DESKTOP-HHEDQ4L" name="com.usa.stefdefination.Disneyworld_Class" tests="1" failures="0" timestamp="18 Mar 2018 17:03:44 GMT" time="121.730" errors="0">
  <testcase name="Test" time="121.730" classname="com.usa.stefdefination.Disneyworld_Class"/>
</testsuite> <!-- com.usa.stefdefination.Disneyworld_Class -->
