<?xml version="1.0" encoding="UTF-8"?>
<!-- Generated by org.testng.reporters.JUnitReportReporter -->
<testsuite skipped="0" hostname="DESKTOP-O4JKVHS" name="Disneyworld_Class" tests="1" failures="0" timestamp="02 Apr 2018 01:27:56 GMT" time="107.414" errors="0">
  <testcase name="Test" time="107.414" classname="Disneyworld_Class"/>
</testsuite> <!-- Disneyworld_Class -->
