<?xml version="1.0" encoding="UTF-8"?>
<!-- Generated by org.testng.reporters.JUnitReportReporter -->
<testsuite skipped="0" hostname="DESKTOP-O4JKVHS" name="com.usa.testngrunner.TestNgRunner" tests="1" failures="0" timestamp="30 Mar 2018 21:24:38 GMT" time="109.421" errors="0">
  <testcase name="feature" time="109.421" classname="com.usa.testngrunner.TestNgRunner"/>
</testsuite> <!-- com.usa.testngrunner.TestNgRunner -->
