<?xml version="1.0" encoding="UTF-8"?>
<!-- Generated by org.testng.reporters.JUnitReportReporter -->
<testsuite skipped="0" hostname="DESKTOP-O4JKVHS" name="Disneyworld_Class" tests="1" failures="0" timestamp="30 Mar 2018 20:56:11 GMT" time="144.164" errors="0">
  <testcase name="Test" time="144.164" classname="Disneyworld_Class"/>
</testsuite> <!-- Disneyworld_Class -->
